[2025-06-25 18:49:53] local.ERROR: arnelcellona9597@gmail.com  
[2025-06-25 18:49:53] local.ERROR: arnelcellona9597@gmail.com  
[2025-06-25 18:49:53] local.ERROR: arnelcellona9597@gmail.com  
[2025-06-25 18:49:53] local.ERROR: arnelcellona9597@gmail.com  
[2025-06-25 18:49:53] local.ERROR: Member  
[2025-06-25 18:49:53] local.ERROR: 1469133086  
[2025-06-25 18:49:53] local.ERROR: USER CREATED  
[2025-06-25 18:50:05] local.ERROR: arnelcellona9597@gmail.com  
[2025-06-25 18:50:05] local.ERROR: arnelcellona9597@gmail.com  
[2025-06-25 18:50:06] local.ERROR: arnelcellona9597@gmail.com  
[2025-06-25 18:50:06] local.ERROR: arnelcellona9597@gmail.com  
[2025-06-25 18:50:06] local.ERROR: Member  
[2025-06-25 18:50:06] local.ERROR: 2295451507  
[2025-06-25 18:50:06] local.ERROR: USER CREATED  
[2025-06-25 18:50:22] local.ERROR: arnelcellona9597@gmail.com  
[2025-06-25 18:50:22] local.ERROR: arnelcellona9597@gmail.com  
[2025-06-25 18:50:22] local.ERROR: arnelcellona9597@gmail.com  
[2025-06-25 18:50:22] local.ERROR: arnelcellona9597@gmail.com  
[2025-06-25 18:50:22] local.ERROR: Member  
[2025-06-25 18:50:22] local.ERROR: 2295451507  
[2025-06-25 18:50:22] local.ERROR: RESENT CODE  
[2025-06-25 18:50:51] local.ERROR: arnelcellona9597@gmail.com  
[2025-06-25 18:50:51] local.ERROR: arnelcellona9597@gmail.com  
[2025-06-25 18:50:51] local.ERROR: arnelcellona9597@gmail.com  
[2025-06-25 18:50:51] local.ERROR: arnelcellona9597@gmail.com  
[2025-06-25 18:50:51] local.ERROR: Member  
[2025-06-25 18:50:51] local.ERROR: 2295451507  
[2025-06-25 18:50:51] local.ERROR: RESENT CODE  
